c:\users\bcc54\desktop\code\qqvs\qqvs\x64\debug\vc143.pdb
c:\users\bcc54\desktop\code\qqvs\qqvs\x64\debug\vc143.idb
c:\users\bcc54\desktop\code\qqvs\qqvs\x64\debug\qrc_qqvs.obj
c:\users\bcc54\desktop\code\qqvs\qqvs\x64\debug\groupbcc.obj
c:\users\bcc54\desktop\code\qqvs\qqvs\x64\debug\servicebcc.obj
c:\users\bcc54\desktop\code\qqvs\qqvs\x64\debug\main.obj
c:\users\bcc54\desktop\code\qqvs\qqvs\x64\debug\userbcc.obj
c:\users\bcc54\desktop\code\qqvs\qqvs\x64\debug\qqvs.obj
c:\users\bcc54\desktop\code\qqvs\qqvs\x64\debug\platformbcc.obj
c:\users\bcc54\desktop\code\qqvs\qqvs\x64\debug\moc_qqvs.obj
c:\users\bcc54\desktop\code\qqvs\x64\debug\qqvs.exe
c:\users\bcc54\desktop\code\qqvs\x64\debug\qqvs.pdb
c:\users\bcc54\desktop\code\qqvs\qqvs\x64\debug\qt\moc\moc_qqvs.cpp
c:\users\bcc54\desktop\code\qqvs\qqvs\x64\debug\qt\uic\ui_qqvs.h
c:\users\bcc54\desktop\code\qqvs\qqvs\x64\debug\qt\rcc\qrc_qqvs.cpp
c:\users\bcc54\desktop\code\qqvs\qqvs\x64\debug\qqvs.res
c:\users\bcc54\desktop\code\qqvs\qqvs\x64\debug\qqvs.ilk
c:\users\bcc54\desktop\code\qqvs\qqvs\x64\debug\qqvs.tlog\cl.command.1.tlog
c:\users\bcc54\desktop\code\qqvs\qqvs\x64\debug\qqvs.tlog\cl.items.tlog
c:\users\bcc54\desktop\code\qqvs\qqvs\x64\debug\qqvs.tlog\cl.read.1.tlog
c:\users\bcc54\desktop\code\qqvs\qqvs\x64\debug\qqvs.tlog\cl.write.1.tlog
c:\users\bcc54\desktop\code\qqvs\qqvs\x64\debug\qqvs.tlog\link.command.1.tlog
c:\users\bcc54\desktop\code\qqvs\qqvs\x64\debug\qqvs.tlog\link.read.1.tlog
c:\users\bcc54\desktop\code\qqvs\qqvs\x64\debug\qqvs.tlog\link.secondary.1.tlog
c:\users\bcc54\desktop\code\qqvs\qqvs\x64\debug\qqvs.tlog\link.write.1.tlog
c:\users\bcc54\desktop\code\qqvs\qqvs\x64\debug\qqvs.tlog\moc.read.1u.tlog
c:\users\bcc54\desktop\code\qqvs\qqvs\x64\debug\qqvs.tlog\moc.write.1u.tlog
c:\users\bcc54\desktop\code\qqvs\qqvs\x64\debug\qqvs.tlog\qqvs.write.1u.tlog
c:\users\bcc54\desktop\code\qqvs\qqvs\x64\debug\qqvs.tlog\rc.command.1.tlog
c:\users\bcc54\desktop\code\qqvs\qqvs\x64\debug\qqvs.tlog\rc.read.1.tlog
c:\users\bcc54\desktop\code\qqvs\qqvs\x64\debug\qqvs.tlog\rc.write.1.tlog
c:\users\bcc54\desktop\code\qqvs\qqvs\x64\debug\qqvs.tlog\rcc.read.1u.tlog
c:\users\bcc54\desktop\code\qqvs\qqvs\x64\debug\qqvs.tlog\rcc.write.1u.tlog
c:\users\bcc54\desktop\code\qqvs\qqvs\x64\debug\qqvs.tlog\uic.read.1u.tlog
c:\users\bcc54\desktop\code\qqvs\qqvs\x64\debug\qqvs.tlog\uic.write.1u.tlog
